
> lab-website@0.0.0 build
> docusaurus build

[INFO] Website will be built for all these locales: 
- zh-Hans
- en
[INFO] [zh-Hans] Creating an optimized production build...
[90m[[90mwebpackbar[90m][39m [36méˆ©?[39m Compiling Client
[90m[[90mwebpackbar[90m][39m [36méˆ©?[39m Compiling Server
[90m[[90mwebpackbar[90m][39m [32mé‰?[39m Server: Compiled successfully in 1.10s
[90m[[90mwebpackbar[90m][39m [32mé‰?[39m Client: Compiled successfully in 1.45s

[ERROR] Error: Unable to build website for locale zh-Hans.
    at tryToBuildLocale (D:\é‚æ¿ç¼“é‚å›¦æ¬¢æ¾¶ç­¡å¦—å²„æ½°\team\lab-website\node_modules\@docusaurus\core\lib\commands\build\build.js:83:15)
    at async D:\é‚æ¿ç¼“é‚å›¦æ¬¢æ¾¶ç­¡å¦—å²„æ½°\team\lab-website\node_modules\@docusaurus\core\lib\commands\build\build.js:35:9
    at async mapAsyncSequential (D:\é‚æ¿ç¼“é‚å›¦æ¬¢æ¾¶ç­¡å¦—å²„æ½°\team\lab-website\node_modules\@docusaurus\utils\lib\jsUtils.js:21:24)
    at async Command.build (D:\é‚æ¿ç¼“é‚å›¦æ¬¢æ¾¶ç­¡å¦—å²„æ½°\team\lab-website\node_modules\@docusaurus\core\lib\commands\build\build.js:34:5)
    at async Promise.all (index 0)
    at async runCLI (D:\é‚æ¿ç¼“é‚å›¦æ¬¢æ¾¶ç­¡å¦—å²„æ½°\team\lab-website\node_modules\@docusaurus\core\lib\commands\cli.js:56:5)
    at async file:///D:/%E6%96%B0%E5%BB%BA%E6%96%87%E4%BB%B6%E5%A4%B9/%E6%A1%8C%E9%9D%A2/team/lab-website/node_modules/@docusaurus/core/bin/docusaurus.mjs:44:3 {
  [cause]: Error: Docusaurus found broken links!
  
  Please check the pages of your site in the list below, and make sure you don't reference any path that does not exist.
  Note: it's possible to ignore broken links with the 'onBrokenLinks' Docusaurus configuration, and let the build pass.
  
  Exhaustive list of all broken links found:
  - Broken link on source page path = /:
     -> linking to /about/index
  
      at throwError (D:\é‚æ¿ç¼“é‚å›¦æ¬¢æ¾¶ç­¡å¦—å²„æ½°\team\lab-website\node_modules\@docusaurus\logger\lib\logger.js:80:11)
      at reportBrokenLinks (D:\é‚æ¿ç¼“é‚å›¦æ¬¢æ¾¶ç­¡å¦—å²„æ½°\team\lab-website\node_modules\@docusaurus\core\lib\server\brokenLinks.js:250:47)
      at handleBrokenLinks (D:\é‚æ¿ç¼“é‚å›¦æ¬¢æ¾¶ç­¡å¦—å²„æ½°\team\lab-website\node_modules\@docusaurus\core\lib\server\brokenLinks.js:282:5)
      at executeBrokenLinksCheck (D:\é‚æ¿ç¼“é‚å›¦æ¬¢æ¾¶ç­¡å¦—å²„æ½°\team\lab-website\node_modules\@docusaurus\core\lib\commands\build\buildLocale.js:119:47)
      at D:\é‚æ¿ç¼“é‚å›¦æ¬¢æ¾¶ç­¡å¦—å²„æ½°\team\lab-website\node_modules\@docusaurus\core\lib\commands\build\buildLocale.js:94:67
      at Object.async (D:\é‚æ¿ç¼“é‚å›¦æ¬¢æ¾¶ç­¡å¦—å²„æ½°\team\lab-website\node_modules\@docusaurus\logger\lib\perfLogger.js:42:47)
      at buildLocale (D:\é‚æ¿ç¼“é‚å›¦æ¬¢æ¾¶ç­¡å¦—å²„æ½°\team\lab-website\node_modules\@docusaurus\core\lib\commands\build\buildLocale.js:94:31)
      at async runBuildLocaleTask (D:\é‚æ¿ç¼“é‚å›¦æ¬¢æ¾¶ç­¡å¦—å²„æ½°\team\lab-website\node_modules\@docusaurus\core\lib\commands\build\build.js:98:5)
      at async D:\é‚æ¿ç¼“é‚å›¦æ¬¢æ¾¶ç­¡å¦—å²„æ½°\team\lab-website\node_modules\@docusaurus\core\lib\commands\build\build.js:79:13
      at async tryToBuildLocale (D:\é‚æ¿ç¼“é‚å›¦æ¬¢æ¾¶ç­¡å¦—å²„æ½°\team\lab-website\node_modules\@docusaurus\core\lib\commands\build\build.js:75:9)
}
[INFO] Docusaurus version: 3.9.2
Node version: v22.21.0
